<?xml version="1.0" encoding="UTF-8"?>
<!-- Generated by org.testng.reporters.JUnitXMLReporter -->
<testsuite ignored="0" hostname="SHREE-PC" failures="0" tests="2" name="FirefoxTest" time="0.085" errors="0" timestamp="25 Jun 2021 09:42:30 GMT">
  <testcase classname="testClass_pacakge.TestClass" name="@BeforeTest launchBrowser" time="0.003">
    <failure type="java.lang.NullPointerException">
      <![CDATA[java.lang.NullPointerException
at testClass_pacakge.TestClass.launchBrowser(TestClass.java:55)
... Removed 24 stack frames]]>
    </failure>
  </testcase> <!-- @BeforeTest launchBrowser -->
  <testcase classname="testClass_pacakge.TestClass" name="@BeforeClass createObject" time="0.0">
    <skipped/>
  </testcase> <!-- @BeforeClass createObject -->
  <testcase classname="testClass_pacakge.TestClass" name="@BeforeMethod loginToUserAccount" time="0.0">
    <skipped/>
  </testcase> <!-- @BeforeMethod loginToUserAccount -->
  <testcase classname="testClass_pacakge.TestClass" name="@AfterMethod logoutAccount" time="0.0">
    <skipped/>
  </testcase> <!-- @AfterMethod logoutAccount -->
  <testcase classname="testClass_pacakge.TestClass" name="@BeforeMethod loginToUserAccount" time="0.0">
    <skipped/>
  </testcase> <!-- @BeforeMethod loginToUserAccount -->
  <testcase classname="testClass_pacakge.TestClass" name="@AfterMethod logoutAccount" time="0.0">
    <skipped/>
  </testcase> <!-- @AfterMethod logoutAccount -->
  <testcase classname="testClass_pacakge.TestClass" name="@AfterClass clearObjects" time="0.0">
    <skipped/>
  </testcase> <!-- @AfterClass clearObjects -->
  <testcase classname="testClass_pacakge.TestClass" name="@AfterTest closedBrowser" time="0.0">
    <skipped/>
  </testcase> <!-- @AfterTest closedBrowser -->
  <testcase classname="testClass_pacakge.TestClass" name="verifydashboard" time="0.0">
    <skipped/>
  </testcase> <!-- verifydashboard -->
  <testcase classname="testClass_pacakge.TestClass" name="verifyorder" time="0.0">
    <skipped/>
  </testcase> <!-- verifyorder -->
</testsuite> <!-- FirefoxTest -->
